Determining if the pthread_create exist failed with the following output:
Change Dir: /home/orazio/git/SkanCoin/SkanCoin/build2/CMakeFiles/CMakeTmp

Run Build Command:"/usr/bin/make" "cmTC_5726d/fast"
/usr/bin/make -f CMakeFiles/cmTC_5726d.dir/build.make CMakeFiles/cmTC_5726d.dir/build
make[1]: ingresso nella directory "/home/orazio/git/SkanCoin/SkanCoin/build2/CMakeFiles/CMakeTmp"
Building C object CMakeFiles/cmTC_5726d.dir/CheckSymbolExists.c.o
/usr/bin/cc    -o CMakeFiles/cmTC_5726d.dir/CheckSymbolExists.c.o   -c /home/orazio/git/SkanCoin/SkanCoin/build2/CMakeFiles/CMakeTmp/CheckSymbolExists.c
Linking C executable cmTC_5726d
/usr/bin/cmake -E cmake_link_script CMakeFiles/cmTC_5726d.dir/link.txt --verbose=1
/usr/bin/cc      -rdynamic CMakeFiles/cmTC_5726d.dir/CheckSymbolExists.c.o  -o cmTC_5726d 
/usr/bin/ld: CMakeFiles/cmTC_5726d.dir/CheckSymbolExists.c.o: in function `main':
CheckSymbolExists.c:(.text+0x1b): undefined reference to `pthread_create'
collect2: error: ld returned 1 exit status
make[1]: *** [CMakeFiles/cmTC_5726d.dir/build.make:87: cmTC_5726d] Error 1
make[1]: uscita dalla directory "/home/orazio/git/SkanCoin/SkanCoin/build2/CMakeFiles/CMakeTmp"
make: *** [Makefile:121: cmTC_5726d/fast] Error 2

File /home/orazio/git/SkanCoin/SkanCoin/build2/CMakeFiles/CMakeTmp/CheckSymbolExists.c:
/* */
#include <pthread.h>

int main(int argc, char** argv)
{
  (void)argv;
#ifndef pthread_create
  return ((int*)(&pthread_create))[argc];
#else
  (void)argc;
  return 0;
#endif
}

Determining if the function pthread_create exists in the pthreads failed with the following output:
Change Dir: /home/orazio/git/SkanCoin/SkanCoin/build2/CMakeFiles/CMakeTmp

Run Build Command:"/usr/bin/make" "cmTC_53199/fast"
/usr/bin/make -f CMakeFiles/cmTC_53199.dir/build.make CMakeFiles/cmTC_53199.dir/build
make[1]: ingresso nella directory "/home/orazio/git/SkanCoin/SkanCoin/build2/CMakeFiles/CMakeTmp"
Building C object CMakeFiles/cmTC_53199.dir/CheckFunctionExists.c.o
/usr/bin/cc   -DCHECK_FUNCTION_EXISTS=pthread_create   -o CMakeFiles/cmTC_53199.dir/CheckFunctionExists.c.o   -c /usr/share/cmake-3.13/Modules/CheckFunctionExists.c
Linking C executable cmTC_53199
/usr/bin/cmake -E cmake_link_script CMakeFiles/cmTC_53199.dir/link.txt --verbose=1
/usr/bin/cc  -DCHECK_FUNCTION_EXISTS=pthread_create    -rdynamic CMakeFiles/cmTC_53199.dir/CheckFunctionExists.c.o  -o cmTC_53199 -lpthreads 
/usr/bin/ld: impossibile trovare -lpthreads
collect2: error: ld returned 1 exit status
make[1]: *** [CMakeFiles/cmTC_53199.dir/build.make:87: cmTC_53199] Error 1
make[1]: uscita dalla directory "/home/orazio/git/SkanCoin/SkanCoin/build2/CMakeFiles/CMakeTmp"
make: *** [Makefile:121: cmTC_53199/fast] Error 2


